<?xml version="1.0" encoding="UTF-8"?>
<!-- Generated by org.testng.reporters.JUnitReportReporter -->
<testsuite hostname="DESKTOP-0J9H01F" failures="0" tests="1" name="com.mariya.learningSelenium.FirstSeleniumSession" time="6.037" errors="0" timestamp="06 Jun 2023 19:19:05 GMT" skipped="0">
  <testcase classname="com.mariya.learningSelenium.FirstSeleniumSession" name="validateLogin" time="6.037"/>
</testsuite> <!-- com.mariya.learningSelenium.FirstSeleniumSession -->
