<?xml version="1.0" encoding="UTF-8"?>
<!-- Generated by org.testng.reporters.JUnitReportReporter -->
<testsuite hostname="DESKTOP-0J9H01F" failures="0" tests="1" name="com.mariya.learningSelenium.SeleniumSession3ImplicitWait" time="7.170" errors="0" timestamp="08 Jun 2023 22:48:21 GMT" skipped="0">
  <testcase classname="com.mariya.learningSelenium.SeleniumSession3ImplicitWait" name="validateBannerPresent" time="7.170"/>
</testsuite> <!-- com.mariya.learningSelenium.SeleniumSession3ImplicitWait -->
