<?xml version="1.0" encoding="UTF-8"?>
<!-- Generated by org.testng.reporters.JUnitReportReporter -->
<testsuite hostname="DESKTOP-0J9H01F" failures="0" tests="1" name="com.mariya.learningSelenium.SeleniumSession3Wait" time="10.091" errors="0" timestamp="08 Jun 2023 17:31:44 GMT" skipped="0">
  <testcase classname="com.mariya.learningSelenium.SeleniumSession3Wait" name="validateBannerPresent" time="10.091"/>
</testsuite> <!-- com.mariya.learningSelenium.SeleniumSession3Wait -->
