<?xml version="1.0" encoding="UTF-8"?>
<!-- Generated by org.testng.reporters.JUnitReportReporter -->
<testsuite hostname="DESKTOP-0J9H01F" failures="0" tests="1" name="com.mariya.learningSelenium.SeleniumSession3Wait_Sleep" time="40.074" errors="0" timestamp="08 Jun 2023 18:47:35 GMT" skipped="0">
  <testcase classname="com.mariya.learningSelenium.SeleniumSession3Wait_Sleep" name="validateBannerPresent" time="40.074"/>
</testsuite> <!-- com.mariya.learningSelenium.SeleniumSession3Wait_Sleep -->
