<?xml version="1.0" encoding="UTF-8"?>
<!-- Generated by org.testng.reporters.JUnitReportReporter -->
<testsuite hostname="DESKTOP-0J9H01F" failures="0" tests="1" name="com.mariya.learningSelenium.SeleniumSession3ExplicitWait" time="7.064" errors="0" timestamp="08 Jun 2023 22:48:53 GMT" skipped="0">
  <testcase classname="com.mariya.learningSelenium.SeleniumSession3ExplicitWait" name="validateBannerPresent" time="7.064"/>
</testsuite> <!-- com.mariya.learningSelenium.SeleniumSession3ExplicitWait -->
