<?xml version="1.0" encoding="UTF-8"?>
<!-- Generated by org.testng.reporters.JUnitReportReporter -->
<testsuite hostname="DESKTOP-0J9H01F" failures="0" tests="4" name="com.mariya.learningSelenium.SeleniumSession2" time="22.163" errors="0" timestamp="07 Jun 2023 17:13:33 GMT" skipped="0">
  <testcase classname="com.mariya.learningSelenium.SeleniumSession2" name="checkIsRadioButtonSelected" time="6.612"/>
  <testcase classname="com.mariya.learningSelenium.SeleniumSession2" name="checkIsButtonEnabled" time="4.652"/>
  <testcase classname="com.mariya.learningSelenium.SeleniumSession2" name="validateTextLabel" time="5.114"/>
  <testcase classname="com.mariya.learningSelenium.SeleniumSession2" name="checkClearOption" time="5.785"/>
</testsuite> <!-- com.mariya.learningSelenium.SeleniumSession2 -->
